Started GET "/" for 127.0.0.1 at 2021-04-24 12:02:07 +1000
  [1m[35m (5.8ms)[0m  [1m[34mSELECT sqlite_version(*)[0m
Processing by Rails::WelcomeController#index as HTML
  Rendering /Library/Ruby/Gems/2.6.0/gems/railties-6.1.3.1/lib/rails/templates/rails/welcome/index.html.erb
  Rendered /Library/Ruby/Gems/2.6.0/gems/railties-6.1.3.1/lib/rails/templates/rails/welcome/index.html.erb (Duration: 16.2ms | Allocations: 516)
Completed 200 OK in 58ms (Views: 25.5ms | ActiveRecord: 0.0ms | Allocations: 4303)


Started GET "/" for 127.0.0.1 at 2021-04-24 12:03:58 +1000
  
ActionController::RoutingError (uninitialized constant ControllerNameController):
  
Started GET "/" for 127.0.0.1 at 2021-04-24 12:04:18 +1000
  
ActionController::RoutingError (uninitialized constant ApplicationControllerController):
  
Started GET "/" for 127.0.0.1 at 2021-04-24 12:04:21 +1000
  
ActionController::RoutingError (uninitialized constant ApplicationControllerController):
  
Started GET "/" for 127.0.0.1 at 2021-04-24 12:04:45 +1000
  
ActionController::RoutingError (uninitialized constant ApplicationControllerController):
  
Started GET "/" for 127.0.0.1 at 2021-04-24 12:05:06 +1000
Processing by ApplicationController#hello as HTML
  Rendering html template
  Rendered html template (Duration: 0.1ms | Allocations: 27)
Completed 200 OK in 6ms (Views: 5.2ms | Allocations: 718)


  [1m[35m (1.8ms)[0m  [1m[34mSELECT sqlite_version(*)[0m
  [1m[35m (1.5ms)[0m  [1m[35mCREATE TABLE "schema_migrations" ("version" varchar NOT NULL PRIMARY KEY)[0m
  [1m[35m (1.6ms)[0m  [1m[35mCREATE TABLE "ar_internal_metadata" ("key" varchar NOT NULL PRIMARY KEY, "value" varchar, "created_at" datetime(6) NOT NULL, "updated_at" datetime(6) NOT NULL)[0m
  [1m[35m (0.2ms)[0m  [1m[34mSELECT "schema_migrations"."version" FROM "schema_migrations" ORDER BY "schema_migrations"."version" ASC[0m
Migrating to CreateUsers (20210424025536)
  [1m[36mTRANSACTION (0.1ms)[0m  [1m[36mbegin transaction[0m
  [1m[35m (0.9ms)[0m  [1m[35mCREATE TABLE "users" ("id" integer PRIMARY KEY AUTOINCREMENT NOT NULL, "name" varchar, "email" varchar, "created_at" datetime(6) NOT NULL, "updated_at" datetime(6) NOT NULL)[0m
  [1m[36mActiveRecord::SchemaMigration Create (0.3ms)[0m  [1m[32mINSERT INTO "schema_migrations" ("version") VALUES (?)[0m  [["version", "20210424025536"]]
  [1m[36mTRANSACTION (1.2ms)[0m  [1m[36mcommit transaction[0m
  [1m[36mActiveRecord::InternalMetadata Load (0.3ms)[0m  [1m[34mSELECT "ar_internal_metadata".* FROM "ar_internal_metadata" WHERE "ar_internal_metadata"."key" = ? LIMIT ?[0m  [["key", "environment"], ["LIMIT", 1]]
  [1m[36mTRANSACTION (0.1ms)[0m  [1m[36mbegin transaction[0m
  [1m[36mActiveRecord::InternalMetadata Create (0.9ms)[0m  [1m[32mINSERT INTO "ar_internal_metadata" ("key", "value", "created_at", "updated_at") VALUES (?, ?, ?, ?)[0m  [["key", "environment"], ["value", "development"], ["created_at", "2021-04-24 02:56:31.448359"], ["updated_at", "2021-04-24 02:56:31.448359"]]
  [1m[36mTRANSACTION (1.2ms)[0m  [1m[36mcommit transaction[0m
  [1m[35m (0.1ms)[0m  [1m[34mSELECT sqlite_version(*)[0m
  [1m[35m (0.4ms)[0m  [1m[34mSELECT "schema_migrations"."version" FROM "schema_migrations" ORDER BY "schema_migrations"."version" ASC[0m
Started GET "/" for 127.0.0.1 at 2021-04-24 12:59:28 +1000
  [1m[35m (1.4ms)[0m  [1m[34mSELECT sqlite_version(*)[0m
  [1m[35m (0.7ms)[0m  [1m[34mSELECT "schema_migrations"."version" FROM "schema_migrations" ORDER BY "schema_migrations"."version" ASC[0m
Processing by ApplicationController#hello as HTML
  Rendering html template
  Rendered html template (Duration: 0.2ms | Allocations: 32)
Completed 200 OK in 33ms (Views: 7.6ms | ActiveRecord: 0.0ms | Allocations: 1895)


Started GET "/users" for 127.0.0.1 at 2021-04-24 12:59:55 +1000
Processing by UsersController#index as HTML
  Rendering layout layouts/application.html.erb
  Rendering users/index.html.erb within layouts/application
  [1m[36mUser Load (2.6ms)[0m  [1m[34mSELECT "users".* FROM "users"[0m
  ↳ app/views/users/index.html.erb:15
  Rendered users/index.html.erb within layouts/application (Duration: 23.0ms | Allocations: 1173)
[Webpacker] Compiling...
[Webpacker] Compiled all packs in /Users/simon/Documents/CompSci/2021/SEM1/RAD/Rails/Shoppy/WorkSpace/Shoppy/public/packs
[Webpacker] Hash: e332c6419728fac579d5
Version: webpack 4.46.0
Time: 4522ms
Built at: 24/04/2021 13:00:03
                                     Asset       Size       Chunks                         Chunk Names
    js/application-f826770d917d8a37c1d8.js    125 KiB  application  [emitted] [immutable]  application
js/application-f826770d917d8a37c1d8.js.map    139 KiB  application  [emitted] [dev]        application
                             manifest.json  364 bytes               [emitted]              
Entrypoint application = js/application-f826770d917d8a37c1d8.js js/application-f826770d917d8a37c1d8.js.map
[./app/javascript/channels sync recursive _channel\.js$] ./app/javascript/channels sync _channel\.js$ 160 bytes {application} [built]
[./app/javascript/channels/index.js] 211 bytes {application} [built]
[./app/javascript/packs/application.js] 492 bytes {application} [built]
[./node_modules/webpack/buildin/module.js] (webpack)/buildin/module.js 552 bytes {application} [built]
    + 3 hidden modules

  Rendered layout layouts/application.html.erb (Duration: 8757.2ms | Allocations: 25063)
Completed 200 OK in 8778ms (Views: 8761.8ms | ActiveRecord: 2.6ms | Allocations: 26828)


Started GET "/users/new" for 127.0.0.1 at 2021-04-24 13:00:06 +1000
Processing by UsersController#new as HTML
  Rendering layout layouts/application.html.erb
  Rendering users/new.html.erb within layouts/application
  Rendered users/_form.html.erb (Duration: 70.1ms | Allocations: 7092)
  Rendered users/new.html.erb within layouts/application (Duration: 73.8ms | Allocations: 7473)
[Webpacker] Everything's up-to-date. Nothing to do
  Rendered layout layouts/application.html.erb (Duration: 88.8ms | Allocations: 11231)
Completed 200 OK in 131ms (Views: 90.0ms | ActiveRecord: 2.0ms | Allocations: 15125)


Started POST "/users" for 127.0.0.1 at 2021-04-24 13:00:11 +1000
Processing by UsersController#create as HTML
  Parameters: {"authenticity_token"=>"[FILTERED]", "user"=>{"name"=>"Simon ", "email"=>"Dean"}, "commit"=>"Create User"}
  [1m[36mTRANSACTION (0.1ms)[0m  [1m[36mbegin transaction[0m
  ↳ app/controllers/users_controller.rb:27:in `block in create'
  [1m[36mUser Create (1.4ms)[0m  [1m[32mINSERT INTO "users" ("name", "email", "created_at", "updated_at") VALUES (?, ?, ?, ?)[0m  [["name", "Simon "], ["email", "Dean"], ["created_at", "2021-04-24 03:00:11.024856"], ["updated_at", "2021-04-24 03:00:11.024856"]]
  ↳ app/controllers/users_controller.rb:27:in `block in create'
  [1m[36mTRANSACTION (1.2ms)[0m  [1m[36mcommit transaction[0m
  ↳ app/controllers/users_controller.rb:27:in `block in create'
Redirected to http://127.0.0.1:3000/users/1
Completed 302 Found in 17ms (ActiveRecord: 2.7ms | Allocations: 2662)


Started GET "/users/1" for 127.0.0.1 at 2021-04-24 13:00:11 +1000
Processing by UsersController#show as HTML
  Parameters: {"id"=>"1"}
  [1m[36mUser Load (0.3ms)[0m  [1m[34mSELECT "users".* FROM "users" WHERE "users"."id" = ? LIMIT ?[0m  [["id", 1], ["LIMIT", 1]]
  ↳ app/controllers/users_controller.rb:62:in `set_user'
  Rendering layout layouts/application.html.erb
  Rendering users/show.html.erb within layouts/application
  Rendered users/show.html.erb within layouts/application (Duration: 2.2ms | Allocations: 292)
[Webpacker] Everything's up-to-date. Nothing to do
  Rendered layout layouts/application.html.erb (Duration: 17.3ms | Allocations: 4148)
Completed 200 OK in 26ms (Views: 18.4ms | ActiveRecord: 0.3ms | Allocations: 5650)


Started GET "/users" for 127.0.0.1 at 2021-04-24 13:00:13 +1000
Processing by UsersController#index as HTML
  Rendering layout layouts/application.html.erb
  Rendering users/index.html.erb within layouts/application
  [1m[36mUser Load (0.3ms)[0m  [1m[34mSELECT "users".* FROM "users"[0m
  ↳ app/views/users/index.html.erb:15
  Rendered users/index.html.erb within layouts/application (Duration: 6.4ms | Allocations: 831)
[Webpacker] Everything's up-to-date. Nothing to do
  Rendered layout layouts/application.html.erb (Duration: 34.6ms | Allocations: 5408)
Completed 200 OK in 37ms (Views: 35.7ms | ActiveRecord: 0.3ms | Allocations: 5810)


Started GET "/users/new" for 127.0.0.1 at 2021-04-24 13:00:15 +1000
Processing by UsersController#new as HTML
  Rendering layout layouts/application.html.erb
  Rendering users/new.html.erb within layouts/application
  Rendered users/_form.html.erb (Duration: 3.5ms | Allocations: 700)
  Rendered users/new.html.erb within layouts/application (Duration: 4.2ms | Allocations: 816)
[Webpacker] Everything's up-to-date. Nothing to do
  Rendered layout layouts/application.html.erb (Duration: 53.7ms | Allocations: 5378)
Completed 200 OK in 55ms (Views: 54.4ms | ActiveRecord: 0.0ms | Allocations: 5782)


Started POST "/users" for 127.0.0.1 at 2021-04-24 13:00:21 +1000
Processing by UsersController#create as HTML
  Parameters: {"authenticity_token"=>"[FILTERED]", "user"=>{"name"=>"Bruh Bruhson", "email"=>"sfjhasd"}, "commit"=>"Create User"}
  [1m[36mTRANSACTION (0.2ms)[0m  [1m[36mbegin transaction[0m
  ↳ app/controllers/users_controller.rb:27:in `block in create'
  [1m[36mUser Create (1.8ms)[0m  [1m[32mINSERT INTO "users" ("name", "email", "created_at", "updated_at") VALUES (?, ?, ?, ?)[0m  [["name", "Bruh Bruhson"], ["email", "sfjhasd"], ["created_at", "2021-04-24 03:00:21.140344"], ["updated_at", "2021-04-24 03:00:21.140344"]]
  ↳ app/controllers/users_controller.rb:27:in `block in create'
  [1m[36mTRANSACTION (2.6ms)[0m  [1m[36mcommit transaction[0m
  ↳ app/controllers/users_controller.rb:27:in `block in create'
Redirected to http://127.0.0.1:3000/users/2
Completed 302 Found in 25ms (ActiveRecord: 4.6ms | Allocations: 5612)


Started GET "/users/2" for 127.0.0.1 at 2021-04-24 13:00:21 +1000
Processing by UsersController#show as HTML
  Parameters: {"id"=>"2"}
  [1m[36mUser Load (0.2ms)[0m  [1m[34mSELECT "users".* FROM "users" WHERE "users"."id" = ? LIMIT ?[0m  [["id", 2], ["LIMIT", 1]]
  ↳ app/controllers/users_controller.rb:62:in `set_user'
  Rendering layout layouts/application.html.erb
  Rendering users/show.html.erb within layouts/application
  Rendered users/show.html.erb within layouts/application (Duration: 1.3ms | Allocations: 110)
[Webpacker] Everything's up-to-date. Nothing to do
  Rendered layout layouts/application.html.erb (Duration: 13.9ms | Allocations: 3963)
Completed 200 OK in 21ms (Views: 15.6ms | ActiveRecord: 0.2ms | Allocations: 4906)


Started GET "/users" for 127.0.0.1 at 2021-04-24 13:00:23 +1000
Processing by UsersController#index as HTML
  Rendering layout layouts/application.html.erb
  Rendering users/index.html.erb within layouts/application
  [1m[36mUser Load (1.3ms)[0m  [1m[34mSELECT "users".* FROM "users"[0m
  ↳ app/views/users/index.html.erb:15
  Rendered users/index.html.erb within layouts/application (Duration: 4.4ms | Allocations: 928)
[Webpacker] Everything's up-to-date. Nothing to do
  Rendered layout layouts/application.html.erb (Duration: 34.5ms | Allocations: 5498)
Completed 200 OK in 36ms (Views: 34.2ms | ActiveRecord: 1.3ms | Allocations: 5892)


Started GET "/users/new" for 127.0.0.1 at 2021-04-24 13:01:40 +1000
Processing by UsersController#new as HTML
  Rendering layout layouts/application.html.erb
  Rendering users/new.html.erb within layouts/application
  Rendered users/_form.html.erb (Duration: 4.6ms | Allocations: 698)
  Rendered users/new.html.erb within layouts/application (Duration: 5.1ms | Allocations: 814)
[Webpacker] Everything's up-to-date. Nothing to do
  Rendered layout layouts/application.html.erb (Duration: 43.1ms | Allocations: 5389)
Completed 200 OK in 45ms (Views: 44.0ms | ActiveRecord: 0.0ms | Allocations: 5786)


Started POST "/users" for 127.0.0.1 at 2021-04-24 13:01:42 +1000
Processing by UsersController#create as HTML
  Parameters: {"authenticity_token"=>"[FILTERED]", "user"=>{"name"=>"h", "email"=>""}, "commit"=>"Create User"}
  [1m[36mTRANSACTION (0.1ms)[0m  [1m[36mbegin transaction[0m
  ↳ app/controllers/users_controller.rb:27:in `block in create'
  [1m[36mUser Create (0.9ms)[0m  [1m[32mINSERT INTO "users" ("name", "email", "created_at", "updated_at") VALUES (?, ?, ?, ?)[0m  [["name", "h"], ["email", ""], ["created_at", "2021-04-24 03:01:42.403109"], ["updated_at", "2021-04-24 03:01:42.403109"]]
  ↳ app/controllers/users_controller.rb:27:in `block in create'
  [1m[36mTRANSACTION (4.8ms)[0m  [1m[36mcommit transaction[0m
  ↳ app/controllers/users_controller.rb:27:in `block in create'
Redirected to http://127.0.0.1:3000/users/3
Completed 302 Found in 18ms (ActiveRecord: 5.8ms | Allocations: 2417)


Started GET "/users/3" for 127.0.0.1 at 2021-04-24 13:01:42 +1000
Processing by UsersController#show as HTML
  Parameters: {"id"=>"3"}
  [1m[36mUser Load (0.2ms)[0m  [1m[34mSELECT "users".* FROM "users" WHERE "users"."id" = ? LIMIT ?[0m  [["id", 3], ["LIMIT", 1]]
  ↳ app/controllers/users_controller.rb:62:in `set_user'
  Rendering layout layouts/application.html.erb
  Rendering users/show.html.erb within layouts/application
  Rendered users/show.html.erb within layouts/application (Duration: 0.4ms | Allocations: 110)
[Webpacker] Everything's up-to-date. Nothing to do
  Rendered layout layouts/application.html.erb (Duration: 19.5ms | Allocations: 3963)
Completed 200 OK in 23ms (Views: 20.2ms | ActiveRecord: 0.2ms | Allocations: 4906)


Started GET "/users" for 127.0.0.1 at 2021-04-24 13:01:44 +1000
Processing by UsersController#index as HTML
  Rendering layout layouts/application.html.erb
  Rendering users/index.html.erb within layouts/application
  [1m[36mUser Load (0.3ms)[0m  [1m[34mSELECT "users".* FROM "users"[0m
  ↳ app/views/users/index.html.erb:15
  Rendered users/index.html.erb within layouts/application (Duration: 4.9ms | Allocations: 1023)
[Webpacker] Everything's up-to-date. Nothing to do
  Rendered layout layouts/application.html.erb (Duration: 74.8ms | Allocations: 5592)
Completed 200 OK in 78ms (Views: 76.6ms | ActiveRecord: 0.3ms | Allocations: 5986)


Started GET "/users/new" for 127.0.0.1 at 2021-04-24 13:01:46 +1000
Processing by UsersController#new as HTML
  Rendering layout layouts/application.html.erb
  Rendering users/new.html.erb within layouts/application
  Rendered users/_form.html.erb (Duration: 2.8ms | Allocations: 698)
  Rendered users/new.html.erb within layouts/application (Duration: 3.6ms | Allocations: 814)
[Webpacker] Everything's up-to-date. Nothing to do
  Rendered layout layouts/application.html.erb (Duration: 48.5ms | Allocations: 5389)
Completed 200 OK in 50ms (Views: 49.4ms | ActiveRecord: 0.0ms | Allocations: 5786)


Started POST "/users" for 127.0.0.1 at 2021-04-24 13:01:50 +1000
Processing by UsersController#create as HTML
  Parameters: {"authenticity_token"=>"[FILTERED]", "user"=>{"name"=>"", "email"=>"kjh"}, "commit"=>"Create User"}
  [1m[36mTRANSACTION (0.1ms)[0m  [1m[36mbegin transaction[0m
  ↳ app/controllers/users_controller.rb:27:in `block in create'
  [1m[36mUser Create (0.7ms)[0m  [1m[32mINSERT INTO "users" ("name", "email", "created_at", "updated_at") VALUES (?, ?, ?, ?)[0m  [["name", ""], ["email", "kjh"], ["created_at", "2021-04-24 03:01:50.157403"], ["updated_at", "2021-04-24 03:01:50.157403"]]
  ↳ app/controllers/users_controller.rb:27:in `block in create'
  [1m[36mTRANSACTION (2.5ms)[0m  [1m[36mcommit transaction[0m
  ↳ app/controllers/users_controller.rb:27:in `block in create'
Redirected to http://127.0.0.1:3000/users/4
Completed 302 Found in 18ms (ActiveRecord: 3.3ms | Allocations: 4095)


Started GET "/users/4" for 127.0.0.1 at 2021-04-24 13:01:50 +1000
Processing by UsersController#show as HTML
  Parameters: {"id"=>"4"}
  [1m[36mUser Load (0.2ms)[0m  [1m[34mSELECT "users".* FROM "users" WHERE "users"."id" = ? LIMIT ?[0m  [["id", 4], ["LIMIT", 1]]
  ↳ app/controllers/users_controller.rb:62:in `set_user'
  Rendering layout layouts/application.html.erb
  Rendering users/show.html.erb within layouts/application
  Rendered users/show.html.erb within layouts/application (Duration: 0.7ms | Allocations: 110)
[Webpacker] Everything's up-to-date. Nothing to do
  Rendered layout layouts/application.html.erb (Duration: 14.3ms | Allocations: 3965)
Completed 200 OK in 17ms (Views: 14.8ms | ActiveRecord: 0.2ms | Allocations: 4912)


Started GET "/users" for 127.0.0.1 at 2021-04-24 13:01:52 +1000
Processing by UsersController#index as HTML
  Rendering layout layouts/application.html.erb
  Rendering users/index.html.erb within layouts/application
  [1m[36mUser Load (0.2ms)[0m  [1m[34mSELECT "users".* FROM "users"[0m
  ↳ app/views/users/index.html.erb:15
  Rendered users/index.html.erb within layouts/application (Duration: 2.5ms | Allocations: 1127)
[Webpacker] Everything's up-to-date. Nothing to do
  Rendered layout layouts/application.html.erb (Duration: 34.7ms | Allocations: 4980)
Completed 200 OK in 37ms (Views: 35.1ms | ActiveRecord: 0.2ms | Allocations: 5373)


Started DELETE "/users/1" for 127.0.0.1 at 2021-04-24 13:02:03 +1000
Processing by UsersController#destroy as HTML
  Parameters: {"authenticity_token"=>"[FILTERED]", "id"=>"1"}
  [1m[36mUser Load (0.3ms)[0m  [1m[34mSELECT "users".* FROM "users" WHERE "users"."id" = ? LIMIT ?[0m  [["id", 1], ["LIMIT", 1]]
  ↳ app/controllers/users_controller.rb:62:in `set_user'
  [1m[36mTRANSACTION (0.1ms)[0m  [1m[36mbegin transaction[0m
  ↳ app/controllers/users_controller.rb:52:in `destroy'
  [1m[36mUser Destroy (1.4ms)[0m  [1m[31mDELETE FROM "users" WHERE "users"."id" = ?[0m  [["id", 1]]
  ↳ app/controllers/users_controller.rb:52:in `destroy'
  [1m[36mTRANSACTION (1.4ms)[0m  [1m[36mcommit transaction[0m
  ↳ app/controllers/users_controller.rb:52:in `destroy'
Redirected to http://127.0.0.1:3000/users
Completed 302 Found in 18ms (ActiveRecord: 3.2ms | Allocations: 5827)


Started GET "/users" for 127.0.0.1 at 2021-04-24 13:02:03 +1000
Processing by UsersController#index as HTML
  Rendering layout layouts/application.html.erb
  Rendering users/index.html.erb within layouts/application
  [1m[36mUser Load (0.3ms)[0m  [1m[34mSELECT "users".* FROM "users"[0m
  ↳ app/views/users/index.html.erb:15
  Rendered users/index.html.erb within layouts/application (Duration: 5.3ms | Allocations: 1025)
[Webpacker] Everything's up-to-date. Nothing to do
  Rendered layout layouts/application.html.erb (Duration: 39.1ms | Allocations: 4879)
Completed 200 OK in 41ms (Views: 39.6ms | ActiveRecord: 0.3ms | Allocations: 5279)


Started DELETE "/users/2" for 127.0.0.1 at 2021-04-24 13:02:06 +1000
Processing by UsersController#destroy as HTML
  Parameters: {"authenticity_token"=>"[FILTERED]", "id"=>"2"}
  [1m[36mUser Load (0.3ms)[0m  [1m[34mSELECT "users".* FROM "users" WHERE "users"."id" = ? LIMIT ?[0m  [["id", 2], ["LIMIT", 1]]
  ↳ app/controllers/users_controller.rb:62:in `set_user'
  [1m[36mTRANSACTION (0.1ms)[0m  [1m[36mbegin transaction[0m
  ↳ app/controllers/users_controller.rb:52:in `destroy'
  [1m[36mUser Destroy (1.6ms)[0m  [1m[31mDELETE FROM "users" WHERE "users"."id" = ?[0m  [["id", 2]]
  ↳ app/controllers/users_controller.rb:52:in `destroy'
  [1m[36mTRANSACTION (1.5ms)[0m  [1m[36mcommit transaction[0m
  ↳ app/controllers/users_controller.rb:52:in `destroy'
Redirected to http://127.0.0.1:3000/users
Completed 302 Found in 15ms (ActiveRecord: 3.4ms | Allocations: 2610)


Started GET "/users" for 127.0.0.1 at 2021-04-24 13:02:06 +1000
Processing by UsersController#index as HTML
  Rendering layout layouts/application.html.erb
  Rendering users/index.html.erb within layouts/application
  [1m[36mUser Load (0.2ms)[0m  [1m[34mSELECT "users".* FROM "users"[0m
  ↳ app/views/users/index.html.erb:15
  Rendered users/index.html.erb within layouts/application (Duration: 3.7ms | Allocations: 922)
[Webpacker] Everything's up-to-date. Nothing to do
  Rendered layout layouts/application.html.erb (Duration: 15.7ms | Allocations: 4775)
Completed 200 OK in 18ms (Views: 16.4ms | ActiveRecord: 0.2ms | Allocations: 5174)


Started GET "/" for 127.0.0.1 at 2021-04-24 13:04:42 +1000
Processing by UsersController#index as HTML
  Rendering layout layouts/application.html.erb
  Rendering users/index.html.erb within layouts/application
  [1m[35m (0.1ms)[0m  [1m[34mSELECT sqlite_version(*)[0m
  ↳ app/views/users/index.html.erb:15
  [1m[36mUser Load (0.3ms)[0m  [1m[34mSELECT "users".* FROM "users"[0m
  ↳ app/views/users/index.html.erb:15
  Rendered users/index.html.erb within layouts/application (Duration: 21.8ms | Allocations: 4519)
[Webpacker] Everything's up-to-date. Nothing to do
  Rendered layout layouts/application.html.erb (Duration: 47.0ms | Allocations: 8354)
Completed 200 OK in 51ms (Views: 47.9ms | ActiveRecord: 2.6ms | Allocations: 9206)


Started GET "/" for 127.0.0.1 at 2021-04-24 13:04:45 +1000
Processing by UsersController#index as HTML
  Rendering layout layouts/application.html.erb
  Rendering users/index.html.erb within layouts/application
  [1m[36mUser Load (0.2ms)[0m  [1m[34mSELECT "users".* FROM "users"[0m
  ↳ app/views/users/index.html.erb:15
  Rendered users/index.html.erb within layouts/application (Duration: 2.8ms | Allocations: 920)
[Webpacker] Everything's up-to-date. Nothing to do
  Rendered layout layouts/application.html.erb (Duration: 14.7ms | Allocations: 4774)
Completed 200 OK in 16ms (Views: 15.4ms | ActiveRecord: 0.2ms | Allocations: 5165)


Started GET "/" for 127.0.0.1 at 2021-04-24 13:04:46 +1000
Processing by UsersController#index as HTML
  Rendering layout layouts/application.html.erb
  Rendering users/index.html.erb within layouts/application
  [1m[36mUser Load (0.2ms)[0m  [1m[34mSELECT "users".* FROM "users"[0m
  ↳ app/views/users/index.html.erb:15
  Rendered users/index.html.erb within layouts/application (Duration: 6.1ms | Allocations: 920)
[Webpacker] Everything's up-to-date. Nothing to do
  Rendered layout layouts/application.html.erb (Duration: 23.1ms | Allocations: 4773)
Completed 200 OK in 26ms (Views: 24.5ms | ActiveRecord: 0.2ms | Allocations: 5164)


Started DELETE "/users/4" for 127.0.0.1 at 2021-04-24 13:04:51 +1000
Processing by UsersController#destroy as HTML
  Parameters: {"authenticity_token"=>"[FILTERED]", "id"=>"4"}
  [1m[36mUser Load (0.3ms)[0m  [1m[34mSELECT "users".* FROM "users" WHERE "users"."id" = ? LIMIT ?[0m  [["id", 4], ["LIMIT", 1]]
  ↳ app/controllers/users_controller.rb:62:in `set_user'
  [1m[36mTRANSACTION (0.1ms)[0m  [1m[36mbegin transaction[0m
  ↳ app/controllers/users_controller.rb:52:in `destroy'
  [1m[36mUser Destroy (0.6ms)[0m  [1m[31mDELETE FROM "users" WHERE "users"."id" = ?[0m  [["id", 4]]
  ↳ app/controllers/users_controller.rb:52:in `destroy'
  [1m[36mTRANSACTION (4.9ms)[0m  [1m[36mcommit transaction[0m
  ↳ app/controllers/users_controller.rb:52:in `destroy'
Redirected to http://127.0.0.1:3000/users
Completed 302 Found in 22ms (ActiveRecord: 5.9ms | Allocations: 2720)


Started GET "/users" for 127.0.0.1 at 2021-04-24 13:04:51 +1000
Processing by UsersController#index as HTML
  Rendering layout layouts/application.html.erb
  Rendering users/index.html.erb within layouts/application
  [1m[36mUser Load (0.2ms)[0m  [1m[34mSELECT "users".* FROM "users"[0m
  ↳ app/views/users/index.html.erb:15
  Rendered users/index.html.erb within layouts/application (Duration: 3.3ms | Allocations: 819)
[Webpacker] Everything's up-to-date. Nothing to do
  Rendered layout layouts/application.html.erb (Duration: 38.9ms | Allocations: 6335)
Completed 200 OK in 43ms (Views: 42.3ms | ActiveRecord: 0.2ms | Allocations: 8267)


  [1m[35m (1.5ms)[0m  [1m[34mSELECT sqlite_version(*)[0m
  [1m[35m (0.8ms)[0m  [1m[34mSELECT "schema_migrations"."version" FROM "schema_migrations" ORDER BY "schema_migrations"."version" ASC[0m
Migrating to CreateMicroposts (20210424030942)
  [1m[36mTRANSACTION (0.1ms)[0m  [1m[36mbegin transaction[0m
  [1m[35m (0.9ms)[0m  [1m[35mCREATE TABLE "microposts" ("id" integer PRIMARY KEY AUTOINCREMENT NOT NULL, "content" text, "user_id" integer, "created_at" datetime(6) NOT NULL, "updated_at" datetime(6) NOT NULL)[0m
  [1m[36mActiveRecord::SchemaMigration Create (0.9ms)[0m  [1m[32mINSERT INTO "schema_migrations" ("version") VALUES (?)[0m  [["version", "20210424030942"]]
  [1m[36mTRANSACTION (2.6ms)[0m  [1m[36mcommit transaction[0m
  [1m[36mActiveRecord::InternalMetadata Load (1.3ms)[0m  [1m[34mSELECT "ar_internal_metadata".* FROM "ar_internal_metadata" WHERE "ar_internal_metadata"."key" = ? LIMIT ?[0m  [["key", "environment"], ["LIMIT", 1]]
  [1m[35m (0.1ms)[0m  [1m[34mSELECT sqlite_version(*)[0m
  [1m[35m (0.1ms)[0m  [1m[34mSELECT "schema_migrations"."version" FROM "schema_migrations" ORDER BY "schema_migrations"."version" ASC[0m
Started GET "/users" for 127.0.0.1 at 2021-04-24 13:10:30 +1000
  [1m[35m (1.8ms)[0m  [1m[34mSELECT sqlite_version(*)[0m
  [1m[35m (0.9ms)[0m  [1m[34mSELECT "schema_migrations"."version" FROM "schema_migrations" ORDER BY "schema_migrations"."version" ASC[0m
Processing by UsersController#index as HTML
  Rendering layout layouts/application.html.erb
  Rendering users/index.html.erb within layouts/application
  [1m[36mUser Load (1.1ms)[0m  [1m[34mSELECT "users".* FROM "users"[0m
  ↳ app/views/users/index.html.erb:15
  Rendered users/index.html.erb within layouts/application (Duration: 25.8ms | Allocations: 4655)
[Webpacker] Everything's up-to-date. Nothing to do
  Rendered layout layouts/application.html.erb (Duration: 175.3ms | Allocations: 24672)
Completed 200 OK in 220ms (Views: 184.5ms | ActiveRecord: 2.0ms | Allocations: 27747)


Started GET "/micropost" for 127.0.0.1 at 2021-04-24 13:10:40 +1000
  
ActionController::RoutingError (No route matches [GET] "/micropost"):
  
Started GET "/microposts" for 127.0.0.1 at 2021-04-24 13:10:50 +1000
Processing by MicropostsController#index as HTML
  Rendering layout layouts/application.html.erb
  Rendering microposts/index.html.erb within layouts/application
  [1m[36mMicropost Load (0.7ms)[0m  [1m[34mSELECT "microposts".* FROM "microposts"[0m
  ↳ app/views/microposts/index.html.erb:15
  Rendered microposts/index.html.erb within layouts/application (Duration: 4.4ms | Allocations: 1084)
[Webpacker] Everything's up-to-date. Nothing to do
  Rendered layout layouts/application.html.erb (Duration: 26.1ms | Allocations: 5152)
Completed 200 OK in 39ms (Views: 30.0ms | ActiveRecord: 0.7ms | Allocations: 6474)


Started GET "/microposts/new" for 127.0.0.1 at 2021-04-24 13:10:52 +1000
Processing by MicropostsController#new as HTML
  Rendering layout layouts/application.html.erb
  Rendering microposts/new.html.erb within layouts/application
  Rendered microposts/_form.html.erb (Duration: 28.6ms | Allocations: 5327)
  Rendered microposts/new.html.erb within layouts/application (Duration: 36.2ms | Allocations: 5813)
[Webpacker] Everything's up-to-date. Nothing to do
  Rendered layout layouts/application.html.erb (Duration: 47.5ms | Allocations: 9654)
Completed 200 OK in 81ms (Views: 60.7ms | ActiveRecord: 1.2ms | Allocations: 13604)


Started POST "/microposts" for 127.0.0.1 at 2021-04-24 13:11:01 +1000
Processing by MicropostsController#create as HTML
  Parameters: {"authenticity_token"=>"[FILTERED]", "micropost"=>{"content"=>"bruh", "user_id"=>"1"}, "commit"=>"Create Micropost"}
  [1m[36mTRANSACTION (0.1ms)[0m  [1m[36mbegin transaction[0m
  ↳ app/controllers/microposts_controller.rb:27:in `block in create'
  [1m[36mMicropost Create (3.6ms)[0m  [1m[32mINSERT INTO "microposts" ("content", "user_id", "created_at", "updated_at") VALUES (?, ?, ?, ?)[0m  [["content", "bruh"], ["user_id", 1], ["created_at", "2021-04-24 03:11:01.683693"], ["updated_at", "2021-04-24 03:11:01.683693"]]
  ↳ app/controllers/microposts_controller.rb:27:in `block in create'
  [1m[36mTRANSACTION (2.5ms)[0m  [1m[36mcommit transaction[0m
  ↳ app/controllers/microposts_controller.rb:27:in `block in create'
Redirected to http://127.0.0.1:3000/microposts/1
Completed 302 Found in 22ms (ActiveRecord: 6.3ms | Allocations: 2677)


Started GET "/microposts/1" for 127.0.0.1 at 2021-04-24 13:11:01 +1000
Processing by MicropostsController#show as HTML
  Parameters: {"id"=>"1"}
  [1m[36mMicropost Load (0.4ms)[0m  [1m[34mSELECT "microposts".* FROM "microposts" WHERE "microposts"."id" = ? LIMIT ?[0m  [["id", 1], ["LIMIT", 1]]
  ↳ app/controllers/microposts_controller.rb:62:in `set_micropost'
  Rendering layout layouts/application.html.erb
  Rendering microposts/show.html.erb within layouts/application
  Rendered microposts/show.html.erb within layouts/application (Duration: 3.2ms | Allocations: 292)
[Webpacker] Everything's up-to-date. Nothing to do
  Rendered layout layouts/application.html.erb (Duration: 14.0ms | Allocations: 4174)
Completed 200 OK in 41ms (Views: 15.1ms | ActiveRecord: 0.4ms | Allocations: 8934)


Started GET "/microposts" for 127.0.0.1 at 2021-04-24 13:11:04 +1000
Processing by MicropostsController#index as HTML
  Rendering layout layouts/application.html.erb
  Rendering microposts/index.html.erb within layouts/application
  [1m[36mMicropost Load (0.3ms)[0m  [1m[34mSELECT "microposts".* FROM "microposts"[0m
  ↳ app/views/microposts/index.html.erb:15
  Rendered microposts/index.html.erb within layouts/application (Duration: 4.2ms | Allocations: 830)
[Webpacker] Everything's up-to-date. Nothing to do
  Rendered layout layouts/application.html.erb (Duration: 45.2ms | Allocations: 5482)
Completed 200 OK in 47ms (Views: 45.7ms | ActiveRecord: 0.3ms | Allocations: 5884)


Started GET "/microposts/new" for 127.0.0.1 at 2021-04-24 13:11:53 +1000
Processing by MicropostsController#new as HTML
  Rendering layout layouts/application.html.erb
  Rendering microposts/new.html.erb within layouts/application
  Rendered microposts/_form.html.erb (Duration: 2.0ms | Allocations: 702)
  Rendered microposts/new.html.erb within layouts/application (Duration: 2.7ms | Allocations: 818)
[Webpacker] Everything's up-to-date. Nothing to do
  Rendered layout layouts/application.html.erb (Duration: 46.7ms | Allocations: 5473)
Completed 200 OK in 53ms (Views: 52.2ms | ActiveRecord: 0.0ms | Allocations: 5870)


Started POST "/microposts" for 127.0.0.1 at 2021-04-24 13:12:00 +1000
Processing by MicropostsController#create as HTML
  Parameters: {"authenticity_token"=>"[FILTERED]", "micropost"=>{"content"=>"hhhhh", "user_id"=>"1"}, "commit"=>"Create Micropost"}
  [1m[36mTRANSACTION (0.1ms)[0m  [1m[36mbegin transaction[0m
  ↳ app/controllers/microposts_controller.rb:27:in `block in create'
  [1m[36mMicropost Create (1.8ms)[0m  [1m[32mINSERT INTO "microposts" ("content", "user_id", "created_at", "updated_at") VALUES (?, ?, ?, ?)[0m  [["content", "hhhhh"], ["user_id", 1], ["created_at", "2021-04-24 03:12:00.974885"], ["updated_at", "2021-04-24 03:12:00.974885"]]
  ↳ app/controllers/microposts_controller.rb:27:in `block in create'
  [1m[36mTRANSACTION (6.2ms)[0m  [1m[36mcommit transaction[0m
  ↳ app/controllers/microposts_controller.rb:27:in `block in create'
Redirected to http://127.0.0.1:3000/microposts/2
Completed 302 Found in 23ms (ActiveRecord: 8.1ms | Allocations: 2410)


Started GET "/microposts/2" for 127.0.0.1 at 2021-04-24 13:12:01 +1000
Processing by MicropostsController#show as HTML
  Parameters: {"id"=>"2"}
  [1m[36mMicropost Load (0.3ms)[0m  [1m[34mSELECT "microposts".* FROM "microposts" WHERE "microposts"."id" = ? LIMIT ?[0m  [["id", 2], ["LIMIT", 1]]
  ↳ app/controllers/microposts_controller.rb:62:in `set_micropost'
  Rendering layout layouts/application.html.erb
  Rendering microposts/show.html.erb within layouts/application
  Rendered microposts/show.html.erb within layouts/application (Duration: 0.4ms | Allocations: 110)
[Webpacker] Everything's up-to-date. Nothing to do
  Rendered layout layouts/application.html.erb (Duration: 52.2ms | Allocations: 4046)
Completed 200 OK in 57ms (Views: 53.1ms | ActiveRecord: 0.3ms | Allocations: 4987)


Started GET "/microposts/2" for 127.0.0.1 at 2021-04-24 13:12:11 +1000
Processing by MicropostsController#show as HTML
  Parameters: {"id"=>"2"}
  [1m[36mMicropost Load (0.2ms)[0m  [1m[34mSELECT "microposts".* FROM "microposts" WHERE "microposts"."id" = ? LIMIT ?[0m  [["id", 2], ["LIMIT", 1]]
  ↳ app/controllers/microposts_controller.rb:62:in `set_micropost'
  Rendering layout layouts/application.html.erb
  Rendering microposts/show.html.erb within layouts/application
  Rendered microposts/show.html.erb within layouts/application (Duration: 0.3ms | Allocations: 108)
[Webpacker] Everything's up-to-date. Nothing to do
  Rendered layout layouts/application.html.erb (Duration: 20.5ms | Allocations: 4044)
Completed 200 OK in 26ms (Views: 21.9ms | ActiveRecord: 0.2ms | Allocations: 4977)


Started GET "/microposts" for 127.0.0.1 at 2021-04-24 13:12:20 +1000
Processing by MicropostsController#index as HTML
  Rendering layout layouts/application.html.erb
  Rendering microposts/index.html.erb within layouts/application
  [1m[36mMicropost Load (0.3ms)[0m  [1m[34mSELECT "microposts".* FROM "microposts"[0m
  ↳ app/views/microposts/index.html.erb:15
  Rendered microposts/index.html.erb within layouts/application (Duration: 9.9ms | Allocations: 1505)
[Webpacker] Everything's up-to-date. Nothing to do
  Rendered layout layouts/application.html.erb (Duration: 28.6ms | Allocations: 5598)
Completed 200 OK in 32ms (Views: 31.0ms | ActiveRecord: 0.3ms | Allocations: 6002)


Started GET "/microposts/new" for 127.0.0.1 at 2021-04-24 13:12:21 +1000
Processing by MicropostsController#new as HTML
  Rendering layout layouts/application.html.erb
  Rendering microposts/new.html.erb within layouts/application
  Rendered microposts/_form.html.erb (Duration: 12.7ms | Allocations: 700)
  Rendered microposts/new.html.erb within layouts/application (Duration: 13.4ms | Allocations: 816)
[Webpacker] Everything's up-to-date. Nothing to do
  Rendered layout layouts/application.html.erb (Duration: 29.1ms | Allocations: 5463)
Completed 200 OK in 30ms (Views: 29.7ms | ActiveRecord: 0.0ms | Allocations: 5860)


Started POST "/microposts" for 127.0.0.1 at 2021-04-24 13:12:23 +1000
Processing by MicropostsController#create as HTML
  Parameters: {"authenticity_token"=>"[FILTERED]", "micropost"=>{"content"=>"", "user_id"=>""}, "commit"=>"Create Micropost"}
  [1m[36mTRANSACTION (0.2ms)[0m  [1m[36mbegin transaction[0m
  ↳ app/controllers/microposts_controller.rb:27:in `block in create'
  [1m[36mMicropost Create (0.8ms)[0m  [1m[32mINSERT INTO "microposts" ("content", "created_at", "updated_at") VALUES (?, ?, ?)[0m  [["content", ""], ["created_at", "2021-04-24 03:12:23.052723"], ["updated_at", "2021-04-24 03:12:23.052723"]]
  ↳ app/controllers/microposts_controller.rb:27:in `block in create'
  [1m[36mTRANSACTION (7.7ms)[0m  [1m[36mcommit transaction[0m
  ↳ app/controllers/microposts_controller.rb:27:in `block in create'
Redirected to http://127.0.0.1:3000/microposts/3
Completed 302 Found in 25ms (ActiveRecord: 8.7ms | Allocations: 2412)


Started GET "/microposts/3" for 127.0.0.1 at 2021-04-24 13:12:23 +1000
Processing by MicropostsController#show as HTML
  Parameters: {"id"=>"3"}
  [1m[36mMicropost Load (0.5ms)[0m  [1m[34mSELECT "microposts".* FROM "microposts" WHERE "microposts"."id" = ? LIMIT ?[0m  [["id", 3], ["LIMIT", 1]]
  ↳ app/controllers/microposts_controller.rb:62:in `set_micropost'
  Rendering layout layouts/application.html.erb
  Rendering microposts/show.html.erb within layouts/application
  Rendered microposts/show.html.erb within layouts/application (Duration: 0.3ms | Allocations: 108)
[Webpacker] Everything's up-to-date. Nothing to do
  Rendered layout layouts/application.html.erb (Duration: 13.7ms | Allocations: 4044)
Completed 200 OK in 19ms (Views: 14.3ms | ActiveRecord: 0.5ms | Allocations: 4986)


Started GET "/microposts" for 127.0.0.1 at 2021-04-24 13:12:25 +1000
Processing by MicropostsController#index as HTML
  Rendering layout layouts/application.html.erb
  Rendering microposts/index.html.erb within layouts/application
  [1m[36mMicropost Load (0.2ms)[0m  [1m[34mSELECT "microposts".* FROM "microposts"[0m
  ↳ app/views/microposts/index.html.erb:15
  Rendered microposts/index.html.erb within layouts/application (Duration: 5.9ms | Allocations: 1018)
[Webpacker] Everything's up-to-date. Nothing to do
  Rendered layout layouts/application.html.erb (Duration: 42.6ms | Allocations: 5670)
Completed 200 OK in 44ms (Views: 42.9ms | ActiveRecord: 0.2ms | Allocations: 6063)


Started GET "/microposts/new" for 127.0.0.1 at 2021-04-24 13:12:54 +1000
Processing by MicropostsController#new as HTML
  Rendering layout layouts/application.html.erb
  Rendering microposts/new.html.erb within layouts/application
  Rendered microposts/_form.html.erb (Duration: 4.1ms | Allocations: 700)
  Rendered microposts/new.html.erb within layouts/application (Duration: 4.6ms | Allocations: 816)
[Webpacker] Everything's up-to-date. Nothing to do
  Rendered layout layouts/application.html.erb (Duration: 38.9ms | Allocations: 5473)
Completed 200 OK in 42ms (Views: 40.0ms | ActiveRecord: 0.0ms | Allocations: 5870)


Started POST "/microposts" for 127.0.0.1 at 2021-04-24 13:12:57 +1000
Processing by MicropostsController#create as HTML
  Parameters: {"authenticity_token"=>"[FILTERED]", "micropost"=>{"content"=>"Twitter is an American microblogging and social networking service on which users post and interact with messages known as \"tweets\". Registered users can post, like and retweet tweets, but unregistered users can only read them. Users access Twitter through its website interface or its mobile-device application software (\"app\"), though the service could also be accessed via SMS before April 2020.[13] Twitter, Inc. is based in San Francisco, California, and has more than 25 offices around the world.[14] Tweets were originally restricted to 140 characters, but was doubled to 280 for non-CJK languages in November 2017.[15] Audio and video tweets remain limited to 140 seconds for most accounts.", "user_id"=>"1"}, "commit"=>"Create Micropost"}
  [1m[36mTRANSACTION (0.2ms)[0m  [1m[36mbegin transaction[0m
  ↳ app/controllers/microposts_controller.rb:27:in `block in create'
  [1m[36mMicropost Create (1.0ms)[0m  [1m[32mINSERT INTO "microposts" ("content", "user_id", "created_at", "updated_at") VALUES (?, ?, ?, ?)[0m  [["content", "Twitter is an American microblogging and social networking service on which users post and interact with messages known as \"tweets\". Registered users can post, like and retweet tweets, but unregistered users can only read them. Users access Twitter through its website interface or its mobile-device application software (\"app\"), though the service could also be accessed via SMS before April 2020.[13] Twitter, Inc. is based in San Francisco, California, and has more than 25 offices around the world.[14] Tweets were originally restricted to 140 characters, but was doubled to 280 for non-CJK languages in November 2017.[15] Audio and video tweets remain limited to 140 seconds for most accounts."], ["user_id", 1], ["created_at", "2021-04-24 03:12:57.539454"], ["updated_at", "2021-04-24 03:12:57.539454"]]
  ↳ app/controllers/microposts_controller.rb:27:in `block in create'
  [1m[36mTRANSACTION (1.5ms)[0m  [1m[36mcommit transaction[0m
  ↳ app/controllers/microposts_controller.rb:27:in `block in create'
Redirected to http://127.0.0.1:3000/microposts/4
Completed 302 Found in 17ms (ActiveRecord: 2.7ms | Allocations: 2411)


Started GET "/microposts/4" for 127.0.0.1 at 2021-04-24 13:12:57 +1000
Processing by MicropostsController#show as HTML
  Parameters: {"id"=>"4"}
  [1m[36mMicropost Load (0.2ms)[0m  [1m[34mSELECT "microposts".* FROM "microposts" WHERE "microposts"."id" = ? LIMIT ?[0m  [["id", 4], ["LIMIT", 1]]
  ↳ app/controllers/microposts_controller.rb:62:in `set_micropost'
  Rendering layout layouts/application.html.erb
  Rendering microposts/show.html.erb within layouts/application
  Rendered microposts/show.html.erb within layouts/application (Duration: 0.4ms | Allocations: 111)
[Webpacker] Everything's up-to-date. Nothing to do
  Rendered layout layouts/application.html.erb (Duration: 17.4ms | Allocations: 4047)
Completed 200 OK in 24ms (Views: 18.2ms | ActiveRecord: 0.2ms | Allocations: 4988)


Started GET "/microposts" for 127.0.0.1 at 2021-04-24 13:13:00 +1000
Processing by MicropostsController#index as HTML
  Rendering layout layouts/application.html.erb
  Rendering microposts/index.html.erb within layouts/application
  [1m[36mMicropost Load (0.2ms)[0m  [1m[34mSELECT "microposts".* FROM "microposts"[0m
  ↳ app/views/microposts/index.html.erb:15
  Rendered microposts/index.html.erb within layouts/application (Duration: 6.9ms | Allocations: 1159)
[Webpacker] Everything's up-to-date. Nothing to do
  Rendered layout layouts/application.html.erb (Duration: 21.1ms | Allocations: 5210)
Completed 200 OK in 24ms (Views: 22.1ms | ActiveRecord: 0.2ms | Allocations: 5604)


Started DELETE "/microposts/4" for 127.0.0.1 at 2021-04-24 13:13:06 +1000
Processing by MicropostsController#destroy as HTML
  Parameters: {"authenticity_token"=>"[FILTERED]", "id"=>"4"}
  [1m[36mMicropost Load (0.3ms)[0m  [1m[34mSELECT "microposts".* FROM "microposts" WHERE "microposts"."id" = ? LIMIT ?[0m  [["id", 4], ["LIMIT", 1]]
  ↳ app/controllers/microposts_controller.rb:62:in `set_micropost'
  [1m[36mTRANSACTION (0.1ms)[0m  [1m[36mbegin transaction[0m
  ↳ app/controllers/microposts_controller.rb:52:in `destroy'
  [1m[36mMicropost Destroy (0.9ms)[0m  [1m[31mDELETE FROM "microposts" WHERE "microposts"."id" = ?[0m  [["id", 4]]
  ↳ app/controllers/microposts_controller.rb:52:in `destroy'
  [1m[36mTRANSACTION (1.7ms)[0m  [1m[36mcommit transaction[0m
  ↳ app/controllers/microposts_controller.rb:52:in `destroy'
Redirected to http://127.0.0.1:3000/microposts
Completed 302 Found in 24ms (ActiveRecord: 3.0ms | Allocations: 4003)


Started GET "/microposts" for 127.0.0.1 at 2021-04-24 13:13:06 +1000
Processing by MicropostsController#index as HTML
  Rendering layout layouts/application.html.erb
  Rendering microposts/index.html.erb within layouts/application
  [1m[36mMicropost Load (0.3ms)[0m  [1m[34mSELECT "microposts".* FROM "microposts"[0m
  ↳ app/views/microposts/index.html.erb:15
  Rendered microposts/index.html.erb within layouts/application (Duration: 4.9ms | Allocations: 1020)
[Webpacker] Everything's up-to-date. Nothing to do
  Rendered layout layouts/application.html.erb (Duration: 26.0ms | Allocations: 4956)
Completed 200 OK in 30ms (Views: 28.3ms | ActiveRecord: 0.3ms | Allocations: 5356)


Started GET "/microposts" for 127.0.0.1 at 2021-04-24 13:13:39 +1000
  
NoMethodError (undefined method `validates' for MicropostsController:Class):
  
app/controllers/microposts_controller.rb:3:in `<class:MicropostsController>'
app/controllers/microposts_controller.rb:1:in `<main>'
Started GET "/microposts" for 127.0.0.1 at 2021-04-24 13:14:24 +1000
Processing by MicropostsController#index as HTML
  Rendering layout layouts/application.html.erb
  Rendering microposts/index.html.erb within layouts/application
  [1m[35m (0.1ms)[0m  [1m[34mSELECT sqlite_version(*)[0m
  ↳ app/views/microposts/index.html.erb:15
  [1m[36mMicropost Load (0.3ms)[0m  [1m[34mSELECT "microposts".* FROM "microposts"[0m
  ↳ app/views/microposts/index.html.erb:15
  Rendered microposts/index.html.erb within layouts/application (Duration: 20.4ms | Allocations: 4629)
[Webpacker] Everything's up-to-date. Nothing to do
  Rendered layout layouts/application.html.erb (Duration: 31.7ms | Allocations: 8548)
Completed 200 OK in 40ms (Views: 33.3ms | ActiveRecord: 2.6ms | Allocations: 9531)


Started GET "/microposts/new" for 127.0.0.1 at 2021-04-24 13:14:27 +1000
Processing by MicropostsController#new as HTML
  Rendering layout layouts/application.html.erb
  Rendering microposts/new.html.erb within layouts/application
  Rendered microposts/_form.html.erb (Duration: 2.1ms | Allocations: 706)
  Rendered microposts/new.html.erb within layouts/application (Duration: 2.5ms | Allocations: 822)
[Webpacker] Everything's up-to-date. Nothing to do
  Rendered layout layouts/application.html.erb (Duration: 43.3ms | Allocations: 5473)
Completed 200 OK in 45ms (Views: 43.9ms | ActiveRecord: 0.0ms | Allocations: 5870)


Started POST "/microposts" for 127.0.0.1 at 2021-04-24 13:14:36 +1000
Processing by MicropostsController#create as HTML
  Parameters: {"authenticity_token"=>"[FILTERED]", "micropost"=>{"content"=>"Twitter is an American microblogging and social networking service on which users post and interact with messages known as \"tweets\". Registered users can post, like and retweet tweets, but unregistered users can only read them. Users access Twitter through its website interface or its mobile-device application software (\"app\"), though the service could also be accessed via SMS before April 2020.[13] Twitter, Inc. is based in San Francisco, California, and has more than 25 offices around the world.[14] Tweets were originally restricted to 140 characters, but was doubled to 280 for non-CJK languages in November 2017.[15] Audio and video tweets remain limited to 140 seconds for most accounts.", "user_id"=>""}, "commit"=>"Create Micropost"}
  Rendering layout layouts/application.html.erb
  Rendering microposts/new.html.erb within layouts/application
  Rendered microposts/_form.html.erb (Duration: 7.6ms | Allocations: 1778)
  Rendered microposts/new.html.erb within layouts/application (Duration: 8.0ms | Allocations: 1894)
[Webpacker] Everything's up-to-date. Nothing to do
  Rendered layout layouts/application.html.erb (Duration: 27.5ms | Allocations: 5768)
Completed 422 Unprocessable Entity in 33ms (Views: 28.4ms | ActiveRecord: 0.0ms | Allocations: 6840)


Started GET "/" for 127.0.0.1 at 2021-05-05 11:31:59 +1000
  [1m[35m (2.8ms)[0m  [1m[34mSELECT sqlite_version(*)[0m
  [1m[35m (1.0ms)[0m  [1m[34mSELECT "schema_migrations"."version" FROM "schema_migrations" ORDER BY "schema_migrations"."version" ASC[0m
Processing by UsersController#index as HTML
  Rendering layout layouts/application.html.erb
  Rendering users/index.html.erb within layouts/application
  [1m[36mUser Load (0.9ms)[0m  [1m[34mSELECT "users".* FROM "users"[0m
  ↳ app/views/users/index.html.erb:15
  Rendered users/index.html.erb within layouts/application (Duration: 43.2ms | Allocations: 4279)
[Webpacker] Everything's up-to-date. Nothing to do
  Rendered layout layouts/application.html.erb (Duration: 171.5ms | Allocations: 11510)
Completed 200 OK in 328ms (Views: 214.8ms | ActiveRecord: 3.8ms | Allocations: 17611)


Started GET "/users/new" for 127.0.0.1 at 2021-05-05 11:32:03 +1000
Processing by UsersController#new as HTML
  Rendering layout layouts/application.html.erb
  Rendering users/new.html.erb within layouts/application
  Rendered users/_form.html.erb (Duration: 29.0ms | Allocations: 5003)
  Rendered users/new.html.erb within layouts/application (Duration: 32.3ms | Allocations: 5379)
[Webpacker] Everything's up-to-date. Nothing to do
  Rendered layout layouts/application.html.erb (Duration: 58.0ms | Allocations: 9221)
Completed 200 OK in 63ms (Views: 59.6ms | ActiveRecord: 0.0ms | Allocations: 9770)


Started POST "/users" for 127.0.0.1 at 2021-05-05 11:32:07 +1000
Processing by UsersController#create as HTML
  Parameters: {"authenticity_token"=>"[FILTERED]", "user"=>{"name"=>"Simon", "email"=>"dakjfldk"}, "commit"=>"Create User"}
  [1m[36mTRANSACTION (0.2ms)[0m  [1m[36mbegin transaction[0m
  ↳ app/controllers/users_controller.rb:27:in `block in create'
  [1m[36mUser Create (27.9ms)[0m  [1m[32mINSERT INTO "users" ("name", "email", "created_at", "updated_at") VALUES (?, ?, ?, ?)[0m  [["name", "Simon"], ["email", "dakjfldk"], ["created_at", "2021-05-05 01:32:07.916104"], ["updated_at", "2021-05-05 01:32:07.916104"]]
  ↳ app/controllers/users_controller.rb:27:in `block in create'
  [1m[36mTRANSACTION (2.2ms)[0m  [1m[36mcommit transaction[0m
  ↳ app/controllers/users_controller.rb:27:in `block in create'
Redirected to http://127.0.0.1:3000/users/5
Completed 302 Found in 93ms (ActiveRecord: 30.2ms | Allocations: 6386)


Started GET "/users/5" for 127.0.0.1 at 2021-05-05 11:32:08 +1000
Processing by UsersController#show as HTML
  Parameters: {"id"=>"5"}
  [1m[36mUser Load (0.4ms)[0m  [1m[34mSELECT "users".* FROM "users" WHERE "users"."id" = ? LIMIT ?[0m  [["id", 5], ["LIMIT", 1]]
  ↳ app/controllers/users_controller.rb:62:in `set_user'
  Rendering layout layouts/application.html.erb
  Rendering users/show.html.erb within layouts/application
  Rendered users/show.html.erb within layouts/application (Duration: 2.3ms | Allocations: 291)
[Webpacker] Everything's up-to-date. Nothing to do
  Rendered layout layouts/application.html.erb (Duration: 50.6ms | Allocations: 4232)
Completed 200 OK in 95ms (Views: 60.4ms | ActiveRecord: 0.4ms | Allocations: 5728)


Started GET "/users" for 127.0.0.1 at 2021-05-05 11:32:10 +1000
Processing by UsersController#index as HTML
  Rendering layout layouts/application.html.erb
  Rendering users/index.html.erb within layouts/application
  [1m[36mUser Load (0.2ms)[0m  [1m[34mSELECT "users".* FROM "users"[0m
  ↳ app/views/users/index.html.erb:15
  Rendered users/index.html.erb within layouts/application (Duration: 4.0ms | Allocations: 932)
[Webpacker] Everything's up-to-date. Nothing to do
  Rendered layout layouts/application.html.erb (Duration: 67.5ms | Allocations: 4899)
Completed 200 OK in 69ms (Views: 67.9ms | ActiveRecord: 0.2ms | Allocations: 5302)


  [1m[35m (1.6ms)[0m  [1m[34mSELECT sqlite_version(*)[0m
  [1m[36mUser Load (0.8ms)[0m  [1m[34mSELECT "users".* FROM "users" ORDER BY "users"."id" ASC LIMIT ?[0m  [["LIMIT", 1]]
  [1m[36mMicropost Load (0.8ms)[0m  [1m[34mSELECT "microposts".* FROM "microposts" WHERE "microposts"."user_id" = ? /* loading for inspect */ LIMIT ?[0m  [["user_id", 3], ["LIMIT", 11]]
