  [1m[35m (7.7ms)[0m  [1m[35mCREATE TABLE "schema_migrations" ("version" varchar NOT NULL PRIMARY KEY)[0m
  [1m[35m (4.2ms)[0m  [1m[35mCREATE TABLE "ar_internal_metadata" ("key" varchar NOT NULL PRIMARY KEY, "value" varchar, "created_at" datetime NOT NULL, "updated_at" datetime NOT NULL)[0m
  [1m[36mActiveRecord::SchemaMigration Load (0.1ms)[0m  [1m[34mSELECT "schema_migrations".* FROM "schema_migrations"[0m
Migrating to CreateWomen (20210515112732)
  [1m[35m (0.0ms)[0m  [1m[36mbegin transaction[0m
  [1m[35m (2.2ms)[0m  [1m[35mCREATE TABLE "women" ("id" INTEGER PRIMARY KEY AUTOINCREMENT NOT NULL, "product_id" integer, "created_at" datetime NOT NULL, "updated_at" datetime NOT NULL)[0m
  [1m[35mSQL (0.1ms)[0m  [1m[32mINSERT INTO "schema_migrations" ("version") VALUES (?)[0m  [["version", "20210515112732"]]
  [1m[35m (6.3ms)[0m  [1m[36mcommit transaction[0m
Migrating to CreateMen (20210515113009)
  [1m[35m (0.0ms)[0m  [1m[36mbegin transaction[0m
  [1m[35m (0.2ms)[0m  [1m[35mCREATE TABLE "men" ("id" INTEGER PRIMARY KEY AUTOINCREMENT NOT NULL, "product_id" integer, "created_at" datetime NOT NULL, "updated_at" datetime NOT NULL)[0m
  [1m[35mSQL (0.1ms)[0m  [1m[32mINSERT INTO "schema_migrations" ("version") VALUES (?)[0m  [["version", "20210515113009"]]
  [1m[35m (4.8ms)[0m  [1m[36mcommit transaction[0m
Migrating to CreateKids (20210515114630)
  [1m[35m (0.0ms)[0m  [1m[36mbegin transaction[0m
  [1m[35m (0.2ms)[0m  [1m[35mCREATE TABLE "kids" ("id" INTEGER PRIMARY KEY AUTOINCREMENT NOT NULL, "product_id" integer, "created_at" datetime NOT NULL, "updated_at" datetime NOT NULL)[0m
  [1m[35mSQL (0.1ms)[0m  [1m[32mINSERT INTO "schema_migrations" ("version") VALUES (?)[0m  [["version", "20210515114630"]]
  [1m[35m (4.5ms)[0m  [1m[36mcommit transaction[0m
Migrating to CreateProducts (20210516030628)
  [1m[35m (0.0ms)[0m  [1m[36mbegin transaction[0m
  [1m[35m (0.2ms)[0m  [1m[35mCREATE TABLE "products" ("id" INTEGER PRIMARY KEY AUTOINCREMENT NOT NULL, "name" varchar, "price" float, "description" varchar, "popularityScore" float, "imageSource" varchar, "stockDate" date, "created_at" datetime NOT NULL, "updated_at" datetime NOT NULL)[0m
  [1m[35mSQL (0.1ms)[0m  [1m[32mINSERT INTO "schema_migrations" ("version") VALUES (?)[0m  [["version", "20210516030628"]]
  [1m[35m (3.6ms)[0m  [1m[36mcommit transaction[0m
Migrating to CreateNewsletters (20210521120358)
  [1m[35m (0.0ms)[0m  [1m[36mbegin transaction[0m
  [1m[35m (0.2ms)[0m  [1m[35mCREATE TABLE "newsletters" ("id" INTEGER PRIMARY KEY AUTOINCREMENT NOT NULL, "name" varchar, "email" varchar, "created_at" datetime NOT NULL, "updated_at" datetime NOT NULL)[0m
  [1m[35mSQL (0.1ms)[0m  [1m[32mINSERT INTO "schema_migrations" ("version") VALUES (?)[0m  [["version", "20210521120358"]]
  [1m[35m (3.8ms)[0m  [1m[36mcommit transaction[0m
Migrating to AddImageLinksToProducts (20210522014122)
  [1m[35m (0.0ms)[0m  [1m[36mbegin transaction[0m
  [1m[35m (0.2ms)[0m  [1m[35mALTER TABLE "products" ADD "imageSource2" varchar[0m
  [1m[35m (0.1ms)[0m  [1m[35mALTER TABLE "products" ADD "imageSource3" varchar[0m
  [1m[35mSQL (0.1ms)[0m  [1m[32mINSERT INTO "schema_migrations" ("version") VALUES (?)[0m  [["version", "20210522014122"]]
  [1m[35m (4.7ms)[0m  [1m[36mcommit transaction[0m
Migrating to CreateUsers (20210522072505)
  [1m[35m (0.1ms)[0m  [1m[36mbegin transaction[0m
  [1m[35m (0.2ms)[0m  [1m[35mCREATE TABLE "users" ("id" INTEGER PRIMARY KEY AUTOINCREMENT NOT NULL, "name" varchar, "email" varchar, "password_digest" varchar, "created_at" datetime NOT NULL, "updated_at" datetime NOT NULL)[0m
  [1m[35mSQL (0.1ms)[0m  [1m[32mINSERT INTO "schema_migrations" ("version") VALUES (?)[0m  [["version", "20210522072505"]]
  [1m[35m (3.7ms)[0m  [1m[36mcommit transaction[0m
Migrating to CreateArrivals (20210522101912)
  [1m[35m (0.1ms)[0m  [1m[36mbegin transaction[0m
  [1m[35m (3.2ms)[0m  [1m[35mCREATE TABLE "arrivals" ("id" INTEGER PRIMARY KEY AUTOINCREMENT NOT NULL, "product_id" integer, "created_at" datetime NOT NULL, "updated_at" datetime NOT NULL)[0m
  [1m[35mSQL (0.1ms)[0m  [1m[32mINSERT INTO "schema_migrations" ("version") VALUES (?)[0m  [["version", "20210522101912"]]
  [1m[35m (3.9ms)[0m  [1m[36mcommit transaction[0m
Migrating to CreateCarts (20210523120238)
  [1m[35m (0.0ms)[0m  [1m[36mbegin transaction[0m
  [1m[35m (0.2ms)[0m  [1m[35mCREATE TABLE "carts" ("id" INTEGER PRIMARY KEY AUTOINCREMENT NOT NULL, "product_id" integer, "user_id" integer, "size" varchar, "colour" varchar, "quantity" integer, "created_at" datetime NOT NULL, "updated_at" datetime NOT NULL)[0m
  [1m[35mSQL (0.1ms)[0m  [1m[32mINSERT INTO "schema_migrations" ("version") VALUES (?)[0m  [["version", "20210523120238"]]
  [1m[35m (4.9ms)[0m  [1m[36mcommit transaction[0m
  [1m[36mActiveRecord::InternalMetadata Load (0.1ms)[0m  [1m[34mSELECT  "ar_internal_metadata".* FROM "ar_internal_metadata" WHERE "ar_internal_metadata"."key" = ? LIMIT ?[0m  [["key", "environment"], ["LIMIT", 1]]
  [1m[35m (0.1ms)[0m  [1m[36mbegin transaction[0m
  [1m[35mSQL (0.5ms)[0m  [1m[32mINSERT INTO "ar_internal_metadata" ("key", "value", "created_at", "updated_at") VALUES (?, ?, ?, ?)[0m  [["key", "environment"], ["value", "development"], ["created_at", "2021-05-24 04:41:31.831399"], ["updated_at", "2021-05-24 04:41:31.831399"]]
  [1m[35m (7.3ms)[0m  [1m[36mcommit transaction[0m
  [1m[36mActiveRecord::SchemaMigration Load (0.1ms)[0m  [1m[34mSELECT "schema_migrations".* FROM "schema_migrations"[0m
  [1m[36mActiveRecord::SchemaMigration Load (0.1ms)[0m  [1m[34mSELECT "schema_migrations".* FROM "schema_migrations"[0m
  [1m[35m (0.0ms)[0m  [1m[36mbegin transaction[0m
  [1m[35mSQL (3.4ms)[0m  [1m[32mINSERT INTO "products" ("name", "price", "description", "popularityScore", "imageSource", "stockDate", "created_at", "updated_at", "imageSource2", "imageSource3") VALUES (?, ?, ?, ?, ?, ?, ?, ?, ?, ?)[0m  [["name", "Phish Ramen Shirt"], ["price", 10.0], ["description", "Shirt with Fish Ramen"], ["popularityScore", 10.0], ["imageSource", "https://cdn.shopify.com/s/files/1/0045/7349/5389/products/white-fish-ramen-mens-tshirt_1800x1800.jpg?v=1594096848"], ["stockDate", "2021-05-22"], ["created_at", "2021-05-24 04:41:39.426774"], ["updated_at", "2021-05-24 04:41:39.426774"], ["imageSource2", "https://cdn.shopify.com/s/files/1/0045/7349/5389/products/black-fish-ramen-mens-tshirt_1800x1800.jpg?v=1594096848"], ["imageSource3", "https://cdn.shopify.com/s/files/1/0045/7349/5389/products/white-fish-ramen_1800x1800.jpg?v=1594096848"]]
  [1m[35m (3.9ms)[0m  [1m[36mcommit transaction[0m
  [1m[35m (0.0ms)[0m  [1m[36mbegin transaction[0m
  [1m[35mSQL (0.1ms)[0m  [1m[32mINSERT INTO "products" ("name", "price", "description", "popularityScore", "imageSource", "stockDate", "created_at", "updated_at", "imageSource2", "imageSource3") VALUES (?, ?, ?, ?, ?, ?, ?, ?, ?, ?)[0m  [["name", "Cat Phish Shirt"], ["price", 30.0], ["description", "Shirt with cat in fish costume"], ["popularityScore", 8.0], ["imageSource", "https://cdn.shopify.com/s/files/1/0045/7349/5389/products/natural-catfish-yokai-mens-tshirt_1800x1800.jpg?v=1597984311"], ["stockDate", "2021-05-22"], ["created_at", "2021-05-24 04:41:39.436594"], ["updated_at", "2021-05-24 04:41:39.436594"], ["imageSource2", "https://cdn.shopify.com/s/files/1/0045/7349/5389/products/white-catfish-yokai-mens-tshirt_1800x1800.jpg?v=1597984311"], ["imageSource3", "https://cdn.shopify.com/s/files/1/0045/7349/5389/products/natural-catfish-yokai_1800x1800.jpg?v=1597984311"]]
  [1m[35m (3.8ms)[0m  [1m[36mcommit transaction[0m
  [1m[35m (0.0ms)[0m  [1m[36mbegin transaction[0m
  [1m[35mSQL (0.2ms)[0m  [1m[32mINSERT INTO "products" ("name", "price", "description", "popularityScore", "imageSource", "stockDate", "created_at", "updated_at", "imageSource2", "imageSource3") VALUES (?, ?, ?, ?, ?, ?, ?, ?, ?, ?)[0m  [["name", "Puffer Phish"], ["price", 25.0], ["description", "Shirt with a puffer fish pun"], ["popularityScore", 9.0], ["imageSource", "https://cdn.shopify.com/s/files/1/0045/7349/5389/products/black-dont-be-a-prick-mens-tshirt_1800x1800.jpg?v=1596512501"], ["stockDate", "2021-02-22"], ["created_at", "2021-05-24 04:41:39.441540"], ["updated_at", "2021-05-24 04:41:39.441540"], ["imageSource2", "https://cdn.shopify.com/s/files/1/0045/7349/5389/products/navy-dont-be-a-prick-mens-tshirt_1800x1800.jpg?v=1596512502"], ["imageSource3", "https://cdn.shopify.com/s/files/1/0045/7349/5389/products/navy-dont-be-a-prick_1800x1800.jpg?v=1596512502"]]
  [1m[35m (19.4ms)[0m  [1m[36mcommit transaction[0m
  [1m[35m (0.9ms)[0m  [1m[36mbegin transaction[0m
  [1m[35mSQL (0.2ms)[0m  [1m[32mINSERT INTO "products" ("name", "price", "description", "popularityScore", "imageSource", "stockDate", "created_at", "updated_at", "imageSource2", "imageSource3") VALUES (?, ?, ?, ?, ?, ?, ?, ?, ?, ?)[0m  [["name", "Blue Tang Phish"], ["price", 15.0], ["description", "Shirt with Dory from Finding Nemo"], ["popularityScore", 5.0], ["imageSource", "https://cdn.shopify.com/s/files/1/0045/7349/5389/products/mens-blue-save-the-ocean-tshirt_1800x1800.jpg?v=1575267169"], ["stockDate", "2021-01-22"], ["created_at", "2021-05-24 04:41:39.463078"], ["updated_at", "2021-05-24 04:41:39.463078"], ["imageSource2", "https://cdn.shopify.com/s/files/1/0045/7349/5389/products/womens-blue-save-the-ocean-tshirt_1800x1800.jpg?v=1575267186"], ["imageSource3", "https://cdn.shopify.com/s/files/1/0045/7349/5389/products/save-the-ocean-tshirt-kids-blue_1800x1800.jpg?v=1575343530"]]
  [1m[35m (4.3ms)[0m  [1m[36mcommit transaction[0m
  [1m[35m (0.0ms)[0m  [1m[36mbegin transaction[0m
  [1m[35mSQL (1.4ms)[0m  [1m[32mINSERT INTO "products" ("name", "price", "description", "popularityScore", "imageSource", "stockDate", "created_at", "updated_at", "imageSource2", "imageSource3") VALUES (?, ?, ?, ?, ?, ?, ?, ?, ?, ?)[0m  [["name", "Shark Hoodie"], ["price", 45.0], ["description", "Hoodie with shark eating ice-cream"], ["popularityScore", 3.0], ["imageSource", "https://cdn.shopify.com/s/files/1/0045/7349/5389/products/white-shark-and-ice-cream-hoodie_1800x1800.jpg?v=1605847044"], ["stockDate", "2021-01-22"], ["created_at", "2021-05-24 04:41:39.471146"], ["updated_at", "2021-05-24 04:41:39.471146"], ["imageSource2", "https://cdn.shopify.com/s/files/1/0045/7349/5389/products/blue-shark-and-ice-cream-hoodie_1800x1800.jpg?v=1605847044"], ["imageSource3", "https://cdn.shopify.com/s/files/1/0045/7349/5389/products/white-shark-and-ice-cream_5df11050-a3ff-4439-a46c-883506ea33ed_1800x1800.jpg?v=1605847044"]]
  [1m[35m (4.7ms)[0m  [1m[36mcommit transaction[0m
  [1m[35m (0.0ms)[0m  [1m[36mbegin transaction[0m
  [1m[35mSQL (0.2ms)[0m  [1m[32mINSERT INTO "products" ("name", "price", "description", "popularityScore", "imageSource", "stockDate", "created_at", "updated_at", "imageSource2", "imageSource3") VALUES (?, ?, ?, ?, ?, ?, ?, ?, ?, ?)[0m  [["name", "Koi Phish Hoodie"], ["price", 50.0], ["description", "Hoodie with Koi Fish"], ["popularityScore", 6.0], ["imageSource", "https://cdn.shopify.com/s/files/1/0045/7349/5389/products/white-japanese-carp-hoodie_1800x1800.jpg?v=1608094257"], ["stockDate", "2021-05-22"], ["created_at", "2021-05-24 04:41:39.478238"], ["updated_at", "2021-05-24 04:41:39.478238"], ["imageSource2", "https://cdn.shopify.com/s/files/1/0045/7349/5389/products/grey-japanese-carp-hoodie_1800x1800.jpg?v=1608094257"], ["imageSource3", "https://cdn.shopify.com/s/files/1/0045/7349/5389/products/white-japanese-carp_b2d17f46-3d1b-43ee-bf5b-ba97e6d22909_1800x1800.jpg?v=1608094257"]]
  [1m[35m (4.4ms)[0m  [1m[36mcommit transaction[0m
  [1m[35m (0.0ms)[0m  [1m[36mbegin transaction[0m
  [1m[35mSQL (0.2ms)[0m  [1m[32mINSERT INTO "products" ("name", "price", "description", "popularityScore", "imageSource", "stockDate", "created_at", "updated_at", "imageSource2", "imageSource3") VALUES (?, ?, ?, ?, ?, ?, ?, ?, ?, ?)[0m  [["name", "Phising Long Sleeve"], ["price", 15.0], ["description", "Long sleeve fishing shirt"], ["popularityScore", 4.0], ["imageSource", "https://cdn.shopify.com/s/files/1/0045/7349/5389/products/black-lets-go-fishing-mens-long-sleeve_1800x1800.jpg?v=1615354504"], ["stockDate", "2021-05-22"], ["created_at", "2021-05-24 04:41:39.484594"], ["updated_at", "2021-05-24 04:41:39.484594"], ["imageSource2", "https://cdn.shopify.com/s/files/1/0045/7349/5389/products/white-lets-go-fishing-mens-long-sleeve_1800x1800.jpg?v=1615354504"], ["imageSource3", "https://cdn.shopify.com/s/files/1/0045/7349/5389/products/black-lets-go-fishing_6fddd4a6-4662-426d-8f1a-f7c3280a9cb3_1800x1800.jpg?v=1615354504"]]
  [1m[35m (4.0ms)[0m  [1m[36mcommit transaction[0m
  [1m[35m (0.0ms)[0m  [1m[36mbegin transaction[0m
  [1m[35mSQL (0.2ms)[0m  [1m[32mINSERT INTO "products" ("name", "price", "description", "popularityScore", "imageSource", "stockDate", "created_at", "updated_at", "imageSource2", "imageSource3") VALUES (?, ?, ?, ?, ?, ?, ?, ?, ?, ?)[0m  [["name", "Jellyphish Sweatshirt"], ["price", 30.0], ["description", "Sweatshirt with jelly fish"], ["popularityScore", 4.0], ["imageSource", "https://cdn.shopify.com/s/files/1/0045/7349/5389/products/mens-black-universe-is-a-big-jellyfish-long-sleeve_1800x1800.jpg?v=1578456947"], ["stockDate", "2021-05-22"], ["created_at", "2021-05-24 04:41:39.489824"], ["updated_at", "2021-05-24 04:41:39.489824"], ["imageSource2", "https://cdn.shopify.com/s/files/1/0045/7349/5389/products/womens-black-universe-is-a-big-jellyfish-long-sleeve_1800x1800.jpg?v=1578456947"], ["imageSource3", "https://cdn.shopify.com/s/files/1/0045/7349/5389/products/universe-is-a-big-jellyfish-design_c076a70a-1bcf-489a-a258-74f0d8f9ebb6_1800x1800.jpg?v=1578456947"]]
  [1m[35m (5.7ms)[0m  [1m[36mcommit transaction[0m
  [1m[35m (0.0ms)[0m  [1m[36mbegin transaction[0m
  [1m[36mProduct Load (0.2ms)[0m  [1m[34mSELECT  "products".* FROM "products" WHERE "products"."id" = ? LIMIT ?[0m  [["id", 1], ["LIMIT", 1]]
  [1m[36mMan Exists (0.1ms)[0m  [1m[34mSELECT  1 AS one FROM "men" WHERE LOWER("men"."product_id") = LOWER(?) LIMIT ?[0m  [["product_id", 1], ["LIMIT", 1]]
  [1m[35mSQL (2.8ms)[0m  [1m[32mINSERT INTO "men" ("product_id", "created_at", "updated_at") VALUES (?, ?, ?)[0m  [["product_id", 1], ["created_at", "2021-05-24 04:41:39.534122"], ["updated_at", "2021-05-24 04:41:39.534122"]]
  [1m[35m (4.6ms)[0m  [1m[36mcommit transaction[0m
  [1m[35m (0.1ms)[0m  [1m[36mbegin transaction[0m
  [1m[36mProduct Load (0.1ms)[0m  [1m[34mSELECT  "products".* FROM "products" WHERE "products"."id" = ? LIMIT ?[0m  [["id", 2], ["LIMIT", 1]]
  [1m[36mMan Exists (0.1ms)[0m  [1m[34mSELECT  1 AS one FROM "men" WHERE LOWER("men"."product_id") = LOWER(?) LIMIT ?[0m  [["product_id", 2], ["LIMIT", 1]]
  [1m[35mSQL (0.1ms)[0m  [1m[32mINSERT INTO "men" ("product_id", "created_at", "updated_at") VALUES (?, ?, ?)[0m  [["product_id", 2], ["created_at", "2021-05-24 04:41:39.545329"], ["updated_at", "2021-05-24 04:41:39.545329"]]
  [1m[35m (4.8ms)[0m  [1m[36mcommit transaction[0m
  [1m[35m (0.0ms)[0m  [1m[36mbegin transaction[0m
  [1m[36mProduct Load (0.1ms)[0m  [1m[34mSELECT  "products".* FROM "products" WHERE "products"."id" = ? LIMIT ?[0m  [["id", 3], ["LIMIT", 1]]
  [1m[36mMan Exists (0.1ms)[0m  [1m[34mSELECT  1 AS one FROM "men" WHERE LOWER("men"."product_id") = LOWER(?) LIMIT ?[0m  [["product_id", 3], ["LIMIT", 1]]
  [1m[35mSQL (0.1ms)[0m  [1m[32mINSERT INTO "men" ("product_id", "created_at", "updated_at") VALUES (?, ?, ?)[0m  [["product_id", 3], ["created_at", "2021-05-24 04:41:39.552270"], ["updated_at", "2021-05-24 04:41:39.552270"]]
  [1m[35m (4.0ms)[0m  [1m[36mcommit transaction[0m
  [1m[35m (0.0ms)[0m  [1m[36mbegin transaction[0m
  [1m[36mProduct Load (0.1ms)[0m  [1m[34mSELECT  "products".* FROM "products" WHERE "products"."id" = ? LIMIT ?[0m  [["id", 4], ["LIMIT", 1]]
  [1m[36mMan Exists (0.1ms)[0m  [1m[34mSELECT  1 AS one FROM "men" WHERE LOWER("men"."product_id") = LOWER(?) LIMIT ?[0m  [["product_id", 4], ["LIMIT", 1]]
  [1m[35mSQL (0.1ms)[0m  [1m[32mINSERT INTO "men" ("product_id", "created_at", "updated_at") VALUES (?, ?, ?)[0m  [["product_id", 4], ["created_at", "2021-05-24 04:41:39.558609"], ["updated_at", "2021-05-24 04:41:39.558609"]]
  [1m[35m (4.7ms)[0m  [1m[36mcommit transaction[0m
  [1m[35m (0.0ms)[0m  [1m[36mbegin transaction[0m
  [1m[36mProduct Load (0.1ms)[0m  [1m[34mSELECT  "products".* FROM "products" WHERE "products"."id" = ? LIMIT ?[0m  [["id", 4], ["LIMIT", 1]]
  [1m[36mWoman Exists (0.1ms)[0m  [1m[34mSELECT  1 AS one FROM "women" WHERE LOWER("women"."product_id") = LOWER(?) LIMIT ?[0m  [["product_id", 4], ["LIMIT", 1]]
  [1m[35mSQL (1.1ms)[0m  [1m[32mINSERT INTO "women" ("product_id", "created_at", "updated_at") VALUES (?, ?, ?)[0m  [["product_id", 4], ["created_at", "2021-05-24 04:41:39.576146"], ["updated_at", "2021-05-24 04:41:39.576146"]]
  [1m[35m (4.6ms)[0m  [1m[36mcommit transaction[0m
  [1m[35m (0.0ms)[0m  [1m[36mbegin transaction[0m
  [1m[36mProduct Load (0.1ms)[0m  [1m[34mSELECT  "products".* FROM "products" WHERE "products"."id" = ? LIMIT ?[0m  [["id", 5], ["LIMIT", 1]]
  [1m[36mWoman Exists (0.1ms)[0m  [1m[34mSELECT  1 AS one FROM "women" WHERE LOWER("women"."product_id") = LOWER(?) LIMIT ?[0m  [["product_id", 5], ["LIMIT", 1]]
  [1m[35mSQL (0.1ms)[0m  [1m[32mINSERT INTO "women" ("product_id", "created_at", "updated_at") VALUES (?, ?, ?)[0m  [["product_id", 5], ["created_at", "2021-05-24 04:41:39.585384"], ["updated_at", "2021-05-24 04:41:39.585384"]]
  [1m[35m (4.6ms)[0m  [1m[36mcommit transaction[0m
  [1m[35m (0.0ms)[0m  [1m[36mbegin transaction[0m
  [1m[36mProduct Load (0.1ms)[0m  [1m[34mSELECT  "products".* FROM "products" WHERE "products"."id" = ? LIMIT ?[0m  [["id", 6], ["LIMIT", 1]]
  [1m[36mWoman Exists (0.1ms)[0m  [1m[34mSELECT  1 AS one FROM "women" WHERE LOWER("women"."product_id") = LOWER(?) LIMIT ?[0m  [["product_id", 6], ["LIMIT", 1]]
  [1m[35mSQL (0.1ms)[0m  [1m[32mINSERT INTO "women" ("product_id", "created_at", "updated_at") VALUES (?, ?, ?)[0m  [["product_id", 6], ["created_at", "2021-05-24 04:41:39.591961"], ["updated_at", "2021-05-24 04:41:39.591961"]]
  [1m[35m (4.0ms)[0m  [1m[36mcommit transaction[0m
  [1m[35m (0.0ms)[0m  [1m[36mbegin transaction[0m
  [1m[36mProduct Load (0.1ms)[0m  [1m[34mSELECT  "products".* FROM "products" WHERE "products"."id" = ? LIMIT ?[0m  [["id", 4], ["LIMIT", 1]]
  [1m[36mKid Exists (0.1ms)[0m  [1m[34mSELECT  1 AS one FROM "kids" WHERE LOWER("kids"."product_id") = LOWER(?) LIMIT ?[0m  [["product_id", 4], ["LIMIT", 1]]
  [1m[35mSQL (1.7ms)[0m  [1m[32mINSERT INTO "kids" ("product_id", "created_at", "updated_at") VALUES (?, ?, ?)[0m  [["product_id", 4], ["created_at", "2021-05-24 04:41:39.606424"], ["updated_at", "2021-05-24 04:41:39.606424"]]
  [1m[35m (3.7ms)[0m  [1m[36mcommit transaction[0m
  [1m[35m (0.1ms)[0m  [1m[36mbegin transaction[0m
  [1m[36mUser Exists (0.1ms)[0m  [1m[34mSELECT  1 AS one FROM "users" WHERE "users"."email" = ? LIMIT ?[0m  [["email", "rad2021rmit@gmail.com"], ["LIMIT", 1]]
  [1m[35mSQL (2.8ms)[0m  [1m[32mINSERT INTO "users" ("name", "email", "password_digest", "created_at", "updated_at") VALUES (?, ?, ?, ?, ?)[0m  [["name", "RAD"], ["email", "rad2021rmit@gmail.com"], ["password_digest", "$2a$12$osLgEkFWbGIkkI699fYVWeEUmBvpPnBX/DIRsPX3I1spZwdpNQ6fO"], ["created_at", "2021-05-24 04:41:39.931019"], ["updated_at", "2021-05-24 04:41:39.931019"]]
  [1m[35m (4.1ms)[0m  [1m[36mcommit transaction[0m
  [1m[36mProduct Load (0.2ms)[0m  [1m[34mSELECT "products".* FROM "products"[0m
  [1m[35m (0.0ms)[0m  [1m[36mbegin transaction[0m
  [1m[36mProduct Load (0.1ms)[0m  [1m[34mSELECT  "products".* FROM "products" WHERE "products"."id" = ? LIMIT ?[0m  [["id", 1], ["LIMIT", 1]]
  [1m[36mArrival Exists (0.1ms)[0m  [1m[34mSELECT  1 AS one FROM "arrivals" WHERE LOWER("arrivals"."product_id") = LOWER(?) LIMIT ?[0m  [["product_id", 1], ["LIMIT", 1]]
  [1m[35mSQL (2.8ms)[0m  [1m[32mINSERT INTO "arrivals" ("product_id", "created_at", "updated_at") VALUES (?, ?, ?)[0m  [["product_id", 1], ["created_at", "2021-05-24 04:41:39.955638"], ["updated_at", "2021-05-24 04:41:39.955638"]]
  [1m[35m (4.0ms)[0m  [1m[36mcommit transaction[0m
  [1m[35m (0.0ms)[0m  [1m[36mbegin transaction[0m
  [1m[36mProduct Load (0.1ms)[0m  [1m[34mSELECT  "products".* FROM "products" WHERE "products"."id" = ? LIMIT ?[0m  [["id", 2], ["LIMIT", 1]]
  [1m[36mArrival Exists (0.1ms)[0m  [1m[34mSELECT  1 AS one FROM "arrivals" WHERE LOWER("arrivals"."product_id") = LOWER(?) LIMIT ?[0m  [["product_id", 2], ["LIMIT", 1]]
  [1m[35mSQL (0.1ms)[0m  [1m[32mINSERT INTO "arrivals" ("product_id", "created_at", "updated_at") VALUES (?, ?, ?)[0m  [["product_id", 2], ["created_at", "2021-05-24 04:41:39.965968"], ["updated_at", "2021-05-24 04:41:39.965968"]]
  [1m[35m (5.6ms)[0m  [1m[36mcommit transaction[0m
  [1m[35m (0.0ms)[0m  [1m[36mbegin transaction[0m
  [1m[36mProduct Load (0.1ms)[0m  [1m[34mSELECT  "products".* FROM "products" WHERE "products"."id" = ? LIMIT ?[0m  [["id", 6], ["LIMIT", 1]]
  [1m[36mArrival Exists (0.1ms)[0m  [1m[34mSELECT  1 AS one FROM "arrivals" WHERE LOWER("arrivals"."product_id") = LOWER(?) LIMIT ?[0m  [["product_id", 6], ["LIMIT", 1]]
  [1m[35mSQL (0.1ms)[0m  [1m[32mINSERT INTO "arrivals" ("product_id", "created_at", "updated_at") VALUES (?, ?, ?)[0m  [["product_id", 6], ["created_at", "2021-05-24 04:41:39.973583"], ["updated_at", "2021-05-24 04:41:39.973583"]]
  [1m[35m (4.4ms)[0m  [1m[36mcommit transaction[0m
  [1m[35m (0.0ms)[0m  [1m[36mbegin transaction[0m
  [1m[36mProduct Load (0.1ms)[0m  [1m[34mSELECT  "products".* FROM "products" WHERE "products"."id" = ? LIMIT ?[0m  [["id", 7], ["LIMIT", 1]]
  [1m[36mArrival Exists (0.1ms)[0m  [1m[34mSELECT  1 AS one FROM "arrivals" WHERE LOWER("arrivals"."product_id") = LOWER(?) LIMIT ?[0m  [["product_id", 7], ["LIMIT", 1]]
  [1m[35mSQL (0.1ms)[0m  [1m[32mINSERT INTO "arrivals" ("product_id", "created_at", "updated_at") VALUES (?, ?, ?)[0m  [["product_id", 7], ["created_at", "2021-05-24 04:41:39.980795"], ["updated_at", "2021-05-24 04:41:39.980795"]]
  [1m[35m (3.7ms)[0m  [1m[36mcommit transaction[0m
  [1m[35m (0.0ms)[0m  [1m[36mbegin transaction[0m
  [1m[36mProduct Load (0.1ms)[0m  [1m[34mSELECT  "products".* FROM "products" WHERE "products"."id" = ? LIMIT ?[0m  [["id", 8], ["LIMIT", 1]]
  [1m[36mArrival Exists (0.1ms)[0m  [1m[34mSELECT  1 AS one FROM "arrivals" WHERE LOWER("arrivals"."product_id") = LOWER(?) LIMIT ?[0m  [["product_id", 8], ["LIMIT", 1]]
  [1m[35mSQL (0.1ms)[0m  [1m[32mINSERT INTO "arrivals" ("product_id", "created_at", "updated_at") VALUES (?, ?, ?)[0m  [["product_id", 8], ["created_at", "2021-05-24 04:41:39.986828"], ["updated_at", "2021-05-24 04:41:39.986828"]]
  [1m[35m (4.5ms)[0m  [1m[36mcommit transaction[0m
Started GET "/" for 120.148.161.115 at 2021-05-24 04:41:50 +0000
Cannot render console from 120.148.161.115! Allowed networks: 127.0.0.1, ::1, 127.0.0.0/127.255.255.255
  [1m[36mActiveRecord::SchemaMigration Load (0.1ms)[0m  [1m[34mSELECT "schema_migrations".* FROM "schema_migrations"[0m
Processing by HomeController#index as HTML
  Rendering home/index.html.erb within layouts/application
  [1m[36mProduct Load (0.3ms)[0m  [1m[34mSELECT  "products".* FROM "products" ORDER BY RANDOM() LIMIT ?[0m  [["LIMIT", 1]]
  Rendered layouts/_topbanner.html.erb (13.1ms)
  [1m[36mProduct Load (0.2ms)[0m  [1m[34mSELECT "products".* FROM "products" WHERE ("products"."popularityScore" >= ?) ORDER BY popularityScore DESC[0m  [["popularityScore", 5.0]]
  Rendered home/index.html.erb within layouts/application (18.0ms)
  [1m[36mUser Load (0.1ms)[0m  [1m[34mSELECT  "users".* FROM "users" WHERE "users"."id" = ? LIMIT ?[0m  [["id", 1], ["LIMIT", 1]]
  [1m[36mUser Load (0.1ms)[0m  [1m[34mSELECT  "users".* FROM "users" WHERE "users"."id" = ? LIMIT ?[0m  [["id", 1], ["LIMIT", 1]]
  Rendered layouts/_headerbar.html.erb (23.0ms)
  Rendered layouts/_footer.html.erb (0.3ms)
Completed 200 OK in 1654ms (Views: 1646.9ms | ActiveRecord: 6.6ms)


